# JRE version: Java(TM) SE Runtime Environment (8.0_05-b13) (build 1.8.0_05-b13)
# Java VM: Java HotSpot(TM) 64-Bit Server VM (25.5-b02 mixed mode windows-amd64 compressed oops)
Heap:
 def new generation   total 121856K, used 73405K [0x00000000a2400000, 0x00000000aa830000, 0x00000000c1800000)
  eden space 108352K,  56% used [0x00000000a2400000, 0x00000000a5f4b788, 0x00000000a8dd0000)
  from space 13504K,  93% used [0x00000000a9b00000, 0x00000000aa763f70, 0x00000000aa830000)
  to   space 13504K,   0% used [0x00000000a8dd0000, 0x00000000a8dd0000, 0x00000000a9b00000)
 tenured generation   total 270672K, used 246257K [0x00000000c1800000, 0x00000000d2054000, 0x0000000100000000)
   the space 270672K,  90% used [0x00000000c1800000, 0x00000000d087c460, 0x00000000d087c600, 0x00000000d2054000)
 Metaspace       used 54675K, capacity 56176K, committed 56320K, reserved 1097728K
  class space    used 7344K, capacity 7657K, committed 7680K, reserved 1048576K
GC Heap History (10 events):
Event: 272.095 GC heap before
{Heap before GC invocations=486 (full 3):
 def new generation   total 121856K, used 108987K [0x00000000a2400000, 0x00000000aa830000, 0x00000000c1800000)
  eden space 108352K, 100% used [0x00000000a2400000, 0x00000000a8dd0000, 0x00000000a8dd0000)
  from space 13504K,   4% used [0x00000000a8dd0000, 0x00000000a8e6ef18, 0x00000000a9b00000)
  to   space 13504K,   0% used [0x00000000a9b00000, 0x00000000a9b00000, 0x00000000aa830000)
 tenured generation   total 270672K, used 246257K [0x00000000c1800000, 0x00000000d2054000, 0x0000000100000000)
   the space 270672K,  90% used [0x00000000c1800000, 0x00000000d087c460, 0x00000000d087c600, 0x00000000d2054000)
 Metaspace       used 54641K, capacity 56112K, committed 56320K, reserved 1097728K
  class space    used 7341K, capacity 7657K, committed 7680K, reserved 1048576K
Event: 272.097 GC heap after
Heap after GC invocations=487 (full 3):
 def new generation   total 121856K, used 1639K [0x00000000a2400000, 0x00000000aa830000, 0x00000000c1800000)
  eden space 108352K,   0% used [0x00000000a2400000, 0x00000000a2400000, 0x00000000a8dd0000)
  from space 13504K,  12% used [0x00000000a9b00000, 0x00000000a9c99e90, 0x00000000aa830000)
  to   space 13504K,   0% used [0x00000000a8dd0000, 0x00000000a8dd0000, 0x00000000a9b00000)
 tenured generation   total 270672K, used 246257K [0x00000000c1800000, 0x00000000d2054000, 0x0000000100000000)
   the space 270672K,  90% used [0x00000000c1800000, 0x00000000d087c460, 0x00000000d087c600, 0x00000000d2054000)
 Metaspace       used 54641K, capacity 56112K, committed 56320K, reserved 1097728K
  class space    used 7341K, capacity 7657K, committed 7680K, reserved 1048576K
}
Event: 272.108 GC heap before
{Heap before GC invocations=487 (full 3):
 def new generation   total 121856K, used 109991K [0x00000000a2400000, 0x00000000aa830000, 0x00000000c1800000)
  eden space 108352K, 100% used [0x00000000a2400000, 0x00000000a8dd0000, 0x00000000a8dd0000)
  from space 13504K,  12% used [0x00000000a9b00000, 0x00000000a9c99e90, 0x00000000aa830000)
  to   space 13504K,   0% used [0x00000000a8dd0000, 0x00000000a8dd0000, 0x00000000a9b00000)
 tenured generation   total 270672K, used 246257K [0x00000000c1800000, 0x00000000d2054000, 0x0000000100000000)
   the space 270672K,  90% used [0x00000000c1800000, 0x00000000d087c460, 0x00000000d087c600, 0x00000000d2054000)
 Metaspace       used 54641K, capacity 56112K, committed 56320K, reserved 1097728K
  class space    used 7341K, capacity 7657K, committed 7680K, reserved 1048576K
Event: 272.110 GC heap after
Heap after GC invocations=488 (full 3):
 def new generation   total 121856K, used 2591K [0x00000000a2400000, 0x00000000aa830000, 0x00000000c1800000)
  eden space 108352K,   0% used [0x00000000a2400000, 0x00000000a2400000, 0x00000000a8dd0000)
  from space 13504K,  19% used [0x00000000a8dd0000, 0x00000000a9057f50, 0x00000000a9b00000)
  to   space 13504K,   0% used [0x00000000a9b00000, 0x00000000a9b00000, 0x00000000aa830000)
 tenured generation   total 270672K, used 246257K [0x00000000c1800000, 0x00000000d2054000, 0x0000000100000000)
   the space 270672K,  90% used [0x00000000c1800000, 0x00000000d087c460, 0x00000000d087c600, 0x00000000d2054000)
 Metaspace       used 54641K, capacity 56112K, committed 56320K, reserved 1097728K
  class space    used 7341K, capacity 7657K, committed 7680K, reserved 1048576K
}
Event: 272.120 GC heap before
{Heap before GC invocations=488 (full 3):
 def new generation   total 121856K, used 110943K [0x00000000a2400000, 0x00000000aa830000, 0x00000000c1800000)
  eden space 108352K, 100% used [0x00000000a2400000, 0x00000000a8dd0000, 0x00000000a8dd0000)
  from space 13504K,  19% used [0x00000000a8dd0000, 0x00000000a9057f50, 0x00000000a9b00000)
  to   space 13504K,   0% used [0x00000000a9b00000, 0x00000000a9b00000, 0x00000000aa830000)
 tenured generation   total 270672K, used 246257K [0x00000000c1800000, 0x00000000d2054000, 0x0000000100000000)
   the space 270672K,  90% used [0x00000000c1800000, 0x00000000d087c460, 0x00000000d087c600, 0x00000000d2054000)
 Metaspace       used 54641K, capacity 56112K, committed 56320K, reserved 1097728K
  class space    used 7341K, capacity 7657K, committed 7680K, reserved 1048576K
Event: 272.122 GC heap after
Heap after GC invocations=489 (full 3):
 def new generation   total 121856K, used 4037K [0x00000000a2400000, 0x00000000aa830000, 0x00000000c1800000)
  eden space 108352K,   0% used [0x00000000a2400000, 0x00000000a2400000, 0x00000000a8dd0000)
  from space 13504K,  29% used [0x00000000a9b00000, 0x00000000a9ef1558, 0x00000000aa830000)
  to   space 13504K,   0% used [0x00000000a8dd0000, 0x00000000a8dd0000, 0x00000000a9b00000)
 tenured generation   total 270672K, used 246257K [0x00000000c1800000, 0x00000000d2054000, 0x0000000100000000)
   the space 270672K,  90% used [0x00000000c1800000, 0x00000000d087c460, 0x00000000d087c600, 0x00000000d2054000)
 Metaspace       used 54641K, capacity 56112K, committed 56320K, reserved 1097728K
  class space    used 7341K, capacity 7657K, committed 7680K, reserved 1048576K
}
Event: 272.133 GC heap before
{Heap before GC invocations=489 (full 3):
 def new generation   total 121856K, used 112389K [0x00000000a2400000, 0x00000000aa830000, 0x00000000c1800000)
  eden space 108352K, 100% used [0x00000000a2400000, 0x00000000a8dd0000, 0x00000000a8dd0000)
  from space 13504K,  29% used [0x00000000a9b00000, 0x00000000a9ef1558, 0x00000000aa830000)
  to   space 13504K,   0% used [0x00000000a8dd0000, 0x00000000a8dd0000, 0x00000000a9b00000)
 tenured generation   total 270672K, used 246257K [0x00000000c1800000, 0x00000000d2054000, 0x0000000100000000)
   the space 270672K,  90% used [0x00000000c1800000, 0x00000000d087c460, 0x00000000d087c600, 0x00000000d2054000)
 Metaspace       used 54641K, capacity 56112K, committed 56320K, reserved 1097728K
  class space    used 7341K, capacity 7657K, committed 7680K, reserved 1048576K
Event: 272.135 GC heap after
Heap after GC invocations=490 (full 3):
 def new generation   total 121856K, used 4520K [0x00000000a2400000, 0x00000000aa830000, 0x00000000c1800000)
  eden space 108352K,   0% used [0x00000000a2400000, 0x00000000a2400000, 0x00000000a8dd0000)
  from space 13504K,  33% used [0x00000000a8dd0000, 0x00000000a923a100, 0x00000000a9b00000)
  to   space 13504K,   0% used [0x00000000a9b00000, 0x00000000a9b00000, 0x00000000aa830000)
 tenured generation   total 270672K, used 246257K [0x00000000c1800000, 0x00000000d2054000, 0x0000000100000000)
   the space 270672K,  90% used [0x00000000c1800000, 0x00000000d087c460, 0x00000000d087c600, 0x00000000d2054000)
 Metaspace       used 54641K, capacity 56112K, committed 56320K, reserved 1097728K
  class space    used 7341K, capacity 7657K, committed 7680K, reserved 1048576K
}
Event: 272.146 GC heap before
{Heap before GC invocations=490 (full 3):
 def new generation   total 121856K, used 108505K [0x00000000a2400000, 0x00000000aa830000, 0x00000000c1800000)
  eden space 108352K,  95% used [0x00000000a2400000, 0x00000000a898c5a0, 0x00000000a8dd0000)
  from space 13504K,  33% used [0x00000000a8dd0000, 0x00000000a923a100, 0x00000000a9b00000)
  to   space 13504K,   0% used [0x00000000a9b00000, 0x00000000a9b00000, 0x00000000aa830000)
 tenured generation   total 270672K, used 246257K [0x00000000c1800000, 0x00000000d2054000, 0x0000000100000000)
   the space 270672K,  90% used [0x00000000c1800000, 0x00000000d087c460, 0x00000000d087c600, 0x00000000d2054000)
 Metaspace       used 54641K, capacity 56112K, committed 56320K, reserved 1097728K
  class space    used 7341K, capacity 7657K, committed 7680K, reserved 1048576K
Event: 272.150 GC heap after
Heap after GC invocations=491 (full 3):
 def new generation   total 121856K, used 12687K [0x00000000a2400000, 0x00000000aa830000, 0x00000000c1800000)
  eden space 108352K,   0% used [0x00000000a2400000, 0x00000000a2400000, 0x00000000a8dd0000)
  from space 13504K,  93% used [0x00000000a9b00000, 0x00000000aa763f70, 0x00000000aa830000)
  to   space 13504K,   0% used [0x00000000a8dd0000, 0x00000000a8dd0000, 0x00000000a9b00000)
 tenured generation   total 270672K, used 246257K [0x00000000c1800000, 0x00000000d2054000, 0x0000000100000000)
   the space 270672K,  90% used [0x00000000c1800000, 0x00000000d087c460, 0x00000000d087c600, 0x00000000d2054000)
 Metaspace       used 54641K, capacity 56112K, committed 56320K, reserved 1097728K
  class space    used 7341K, capacity 7657K, committed 7680K, reserved 1048576K
}

